22.10.2020 21:17:19 : Никита 303439912 /support
23.10.2020 7:30:56 : Никита 303439912 /support
23.10.2020 7:30:56 : Никита 303439912 /menu
23.10.2020 7:30:56 : Никита 303439912 /support
23.10.2020 7:30:56 : Никита 303439912 /support
23.10.2020 7:30:59 : Никита 303439912 asdl;
23.10.2020 7:30:59 : Никита 303439912 /support
23.10.2020 7:31:06 : Никита 303439912 lj;j
23.10.2020 7:31:08 : Никита 303439912 /support
23.10.2020 7:33:03 : Никита 303439912 /support
23.10.2020 7:33:09 : Никита 303439912 Просто
23.10.2020 7:33:28 : Никита 303439912 /support
23.10.2020 7:33:35 : Никита 303439912 Спс
23.10.2020 7:33:38 : Никита 303439912 /support
23.10.2020 7:34:17 : Никита 303439912 /support
23.10.2020 7:34:50 : Никита 303439912 /support
23.10.2020 7:46:12 : Никита 303439912 /support
23.10.2020 7:46:12 : Никита 303439912 спс
23.10.2020 7:46:19 : Никита 303439912 /support
23.10.2020 7:46:21 : Никита 303439912 Привет
23.10.2020 7:53:46 : Никита 303439912 Привет
23.10.2020 7:53:48 : Никита 303439912 /support
23.10.2020 7:53:52 : Никита 303439912 Привет
23.10.2020 7:54:19 : Никита 303439912 /support
23.10.2020 7:54:23 : Никита 303439912 Привет
23.10.2020 7:54:28: >> 303439912 Никита Support: jkhg
23.10.2020 9:36:20 : Никита 303439912 Привет
23.10.2020 9:37:01 : Никита 303439912 Противень
23.10.2020 9:37:13 : Никита 303439912 /support
23.10.2020 9:37:17 : Никита 303439912 Продаю
23.10.2020 9:38:02 : Никита 303439912 Противень
23.10.2020 9:38:05 : Никита 303439912 Потом
23.10.2020 9:38:06 : Никита 303439912 Арт
23.10.2020 9:38:07 : Никита 303439912 Ааа
23.10.2020 9:38:09 : Никита 303439912 Снижение
23.10.2020 9:38:10 : Никита 303439912 Период
23.10.2020 9:38:11 : Никита 303439912 Весь
23.10.2020 9:38:12 : Никита 303439912 Весь
23.10.2020 9:38:13 : Никита 303439912 Ань
23.10.2020 9:38:15: >> 303439912 Никита Support: олрпло
23.10.2020 9:38:17 : Никита 303439912 Часть
23.10.2020 9:38:18: >> 303439912 Никита Support: лдлор
23.10.2020 9:38:19: >> 303439912 Никита Support: длоп
23.10.2020 9:38:20: >> 303439912 Никита Support: ормиро
23.10.2020 9:38:22 : Никита 303439912 Часть
23.10.2020 9:38:23 : Никита 303439912 Верю
23.10.2020 9:38:24 : Никита 303439912 Серию
23.10.2020 9:38:25: >> 303439912 Никита Support: лолирдр
23.10.2020 9:38:26: >> 303439912 Никита Support: тлдоп
23.10.2020 9:38:48: >> 303439912 Никита Support: фыадлыф\
23.10.2020 9:43:48 : Никита 303439912 Снижение
23.10.2020 9:43:55: >> 303439912 Никита Support: asd;lkfhjsadf
23.10.2020 9:43:56: >> 303439912 Никита Support: 
23.10.2020 9:43:57: >> 303439912 Никита Support: sdfl;f
23.10.2020 9:43:57: >> 303439912 Никита Support: 
23.10.2020 9:43:57: >> 303439912 Никита Support: 
23.10.2020 9:43:57: >> 303439912 Никита Support: 
23.10.2020 9:43:58: >> 303439912 Никита Support: 
23.10.2020 9:43:58: >> 303439912 Никита Support: 
23.10.2020 9:43:58: >> 303439912 Никита Support: 
23.10.2020 9:43:58: >> 303439912 Никита Support: 
23.10.2020 9:43:58: >> 303439912 Никита Support: 
23.10.2020 9:43:58: >> 303439912 Никита Support: 
23.10.2020 9:43:58: >> 303439912 Никита Support: 
23.10.2020 9:43:58: >> 303439912 Никита Support: 
23.10.2020 9:43:58: >> 303439912 Никита Support: 
23.10.2020 9:43:58: >> 303439912 Никита Support: 
23.10.2020 9:43:58: >> 303439912 Никита Support: 
23.10.2020 9:43:58: >> 303439912 Никита Support: 
23.10.2020 9:43:58: >> 303439912 Никита Support: 
23.10.2020 9:43:58: >> 303439912 Никита Support: 
23.10.2020 9:43:58: >> 303439912 Никита Support: 
23.10.2020 9:43:58: >> 303439912 Никита Support: 
23.10.2020 9:43:58: >> 303439912 Никита Support: 
23.10.2020 9:43:58: >> 303439912 Никита Support: 
23.10.2020 9:43:58: >> 303439912 Никита Support: 
23.10.2020 9:43:58: >> 303439912 Никита Support: 
23.10.2020 9:43:59: >> 303439912 Никита Support: 
23.10.2020 9:43:59: >> 303439912 Никита Support: 
23.10.2020 9:43:59: >> 303439912 Никита Support: 
23.10.2020 9:43:59: >> 303439912 Никита Support: 
23.10.2020 9:43:59: >> 303439912 Никита Support: 
23.10.2020 9:43:59: >> 303439912 Никита Support: 
23.10.2020 9:44:00: >> 303439912 Никита Support: 
23.10.2020 9:44:00: >> 303439912 Никита Support: 
23.10.2020 9:44:00: >> 303439912 Никита Support: 
23.10.2020 9:44:00: >> 303439912 Никита Support: 
23.10.2020 9:44:02 : Denis 597618450 Fepofke
23.10.2020 9:44:20 : Denis 597618450 owkd
23.10.2020 9:44:20 : Denis 597618450 fiefje
23.10.2020 9:44:21 : Никита 303439912 Вослла
23.10.2020 9:44:24 : Denis 597618450 widjwojdwoidjwdijwodiwjd
23.10.2020 9:44:24: >> 597618450 Denis Support: gdjghsdj
23.10.2020 9:44:25: >> 597618450 Denis Support: sdvjhasdhovj
23.10.2020 9:44:26: >> 597618450 Denis Support: sdvkjhdv
23.10.2020 9:44:27 : Denis 597618450 a[dkpaowdjpwodjapwodjw
23.10.2020 9:44:29 : Denis 597618450 dwjdpaowjdwodja
23.10.2020 9:44:29 : Denis 597618450 wdoja
23.10.2020 9:44:29 : Denis 597618450 wdja
23.10.2020 9:44:30 : Denis 597618450 wdojawd
23.10.2020 9:44:30 : Denis 597618450 powd
23.10.2020 9:44:30 : Denis 597618450 aojd
23.10.2020 9:44:30 : Denis 597618450 wodja
23.10.2020 9:44:30 : Denis 597618450 doj
23.10.2020 9:44:30 : Denis 597618450 dja
23.10.2020 9:44:31 : Denis 597618450 wdjapwdj
23.10.2020 9:44:31 : Denis 597618450 awodj
23.10.2020 9:44:31 : Denis 597618450 apowdjwa
23.10.2020 9:44:32 : Denis 597618450 podj
23.10.2020 9:44:32 : Denis 597618450 aowdj
23.10.2020 9:44:32 : Denis 597618450 awojda
23.10.2020 9:44:32 : Denis 597618450 wpodja
23.10.2020 9:44:32 : Denis 597618450 pwodja
23.10.2020 9:44:32 : Denis 597618450 wpdoja
23.10.2020 9:44:34 : Denis 597618450 wdoja
23.10.2020 9:44:34 : Denis 597618450 wdpojawd
23.10.2020 9:44:34 : Denis 597618450 oajwd
23.10.2020 9:44:34 : Denis 597618450 apowdj
23.10.2020 9:44:35 : Denis 597618450 apwojd
23.10.2020 9:44:35 : Denis 597618450 awd
23.10.2020 9:44:35 : Denis 597618450 poawjd
23.10.2020 9:44:35 : Denis 597618450 paowjd
23.10.2020 9:44:35 : Denis 597618450 apowjd
23.10.2020 9:44:35 : Denis 597618450 apwodja
23.10.2020 9:44:37 : Denis 597618450 pwodj
23.10.2020 9:44:37 : Denis 597618450 apowjd
23.10.2020 9:44:59: >> 597618450 Denis Support: adf;jdf
23.10.2020 9:46:43 : Denis 597618450 https://stackoverflow.com/questions/2337822/wpf-listbox-scroll-to-end-automatically
23.10.2020 9:46:43 : Denis 597618450 https://stackoverflow.com/questions/2337822/wpf-listbox-scroll-to-end-automatically
23.10.2020 13:03:49 : Никита 303439912 Привет
23.10.2020 13:04:01 : Никита 303439912 /Support
23.10.2020 13:04:10 : Никита 303439912 /support
23.10.2020 13:12:42 : Никита 303439912 /support
23.10.2020 13:12:55 : Никита 303439912 /ourlinks
23.10.2020 13:13:10 : Никита 303439912 /ourLinks
23.10.2020 13:27:03 : Никита 303439912 /start
23.10.2020 13:32:44 : Никита 303439912 Исип-24
23.10.2020 13:32:57 : Никита 303439912 Ксик-32
23.10.2020 13:33:39 : Никита 303439912 /help
23.10.2020 13:33:42 : Никита 303439912 /ourLinks
23.10.2020 13:33:44 : Никита 303439912 /menu
23.10.2020 13:33:52 : Никита 303439912 /support
23.10.2020 13:34:06: >> 303439912 Никита Support: чем я могу Вам помочь
23.10.2020 13:34:14 : Никита 303439912 Я хочу кушац
23.10.2020 13:36:27 : Никита 303439912 /support
23.10.2020 14:08:31 : Никита 303439912 /support
23.10.2020 14:08:47 : Никита 303439912 /support
23.10.2020 14:14:57 : Никита 303439912 /support
23.10.2020 14:14:57 : Никита 303439912 /endsupport
23.10.2020 14:14:57 : Никита 303439912 /endsupport
23.10.2020 14:14:57 : Никита 303439912 Привет
23.10.2020 14:15:42 : Никита 303439912 /help
23.10.2020 14:15:44 : Никита 303439912 /start
23.10.2020 14:15:46 : Никита 303439912 /menu
23.10.2020 14:16:00 : Никита 303439912 меню
23.10.2020 17:00:28 : Никита 303439912 /menu
23.10.2020 17:05:25 : Никита 303439912 /menu
23.10.2020 17:11:23 : Никита 303439912 /start
23.10.2020 17:13:33 : Никита 303439912 /start
23.10.2020 17:13:33 : Никита 303439912 /start
23.10.2020 17:13:37 : Никита 303439912 /start
23.10.2020 17:13:41 : Никита 303439912 /help
23.10.2020 17:13:46 : Никита 303439912 /ourLinks
23.10.2020 17:13:50 : Никита 303439912 /keyboard
23.10.2020 17:14:11 : Никита 303439912 /menu
23.10.2020 17:15:09 : Никита 303439912 Исип-24
23.10.2020 17:36:47 : Никита 303439912 /support
23.10.2020 17:36:52 : Никита 303439912 Привет
23.10.2020 17:36:59: >> 303439912 Никита Support: hello
23.10.2020 17:37:23 : Никита 303439912 Привет
23.10.2020 20:48:45 : Алена 541397967 /start
23.10.2020 20:48:46 : Алена 541397967 /start
23.10.2020 20:49:24 : Алена 541397967 /help
23.10.2020 20:49:55 : Алена 541397967 /menu
23.10.2020 20:50:56 : Алена 541397967 /
23.10.2020 20:51:20 : Алена 541397967 /menu
23.10.2020 20:52:00 : Алена 541397967 /help
23.10.2020 20:52:04 : Алена 541397967 /ourLinks
23.10.2020 20:52:22 : Алена 541397967 /keyboard
23.10.2020 20:52:35 : Алена 541397967 Исип-24
23.10.2020 20:52:54 : Алена 541397967 /help
23.10.2020 20:55:57 : Никита 303439912 /menu
23.10.2020 21:07:08 : Никита 303439912 /support
23.10.2020 21:17:57 : Никита 303439912 /help
23.10.2020 21:18:02 : Никита 303439912 /ourLinks
23.10.2020 21:18:16 : Никита 303439912 
23.10.2020 21:20:36 : Никита 303439912 
23.10.2020 21:21:24 : Никита 303439912 
23.10.2020 21:21:36 : Никита 303439912 
23.10.2020 21:22:26 : Никита 303439912 
23.10.2020 21:23:27 : Никита 303439912 
23.10.2020 21:23:27 : Никита 303439912 /start
23.10.2020 21:23:27 : Никита 303439912 
23.10.2020 21:23:27 : Никита 303439912 /keyboard
23.10.2020 21:23:28 : Никита 303439912 /help
23.10.2020 21:23:28 : Никита 303439912 /help
23.10.2020 21:23:28 : Никита 303439912 /help
24.10.2020 10:09:33 : Никита 303439912 Исип-24
24.10.2020 10:09:54 : Никита 303439912 Исип-24
24.10.2020 10:11:19 : Никита 303439912 /support
24.10.2020 10:11:27 : Никита 303439912 Меню
24.10.2020 10:11:33 : Никита 303439912 /menu
24.10.2020 10:12:58 : Никита 303439912 исип-24
24.10.2020 10:13:02 : Никита 303439912 меню
24.10.2020 10:14:29 : Никита 303439912 Исип-24
24.10.2020 10:14:33 : Никита 303439912 Меню
24.10.2020 10:16:56 : Никита 303439912 Меню
24.10.2020 10:42:45 : Никита 303439912 /keyboard
24.10.2020 10:42:54 : Никита 303439912 
24.10.2020 10:43:17 : Никита 303439912 
24.10.2020 10:43:43 : Никита 303439912 
24.10.2020 10:43:51 : Никита 303439912 /support
24.10.2020 10:44:03 : Никита 303439912 /menu
24.10.2020 10:47:18 : Алена 541397967 /support
24.10.2020 10:47:32: >> 541397967 Алена Support: привет!
24.10.2020 10:47:42: >> 303439912 Никита Support: и тебе привет!
24.10.2020 11:02:26 : Никита 303439912 Вот ваш от
24.10.2020 11:02:27 : Никита 303439912 Меню по
24.10.2020 11:02:28 : Никита 303439912 Ишь
24.10.2020 11:02:29 : Никита 303439912 Ишь
24.10.2020 11:02:30 : Никита 303439912 Ишь
24.10.2020 11:02:31 : Никита 303439912 Из
24.10.2020 11:02:32 : Никита 303439912 Вед
24.10.2020 11:02:33 : Никита 303439912 Баг
24.10.2020 11:02:42 : Никита 303439912 
24.10.2020 11:02:42 : Никита 303439912 
24.10.2020 11:02:42 : Никита 303439912 
24.10.2020 11:02:42 : Никита 303439912 
24.10.2020 11:02:42 : Никита 303439912 
24.10.2020 11:02:42 : Никита 303439912 
24.10.2020 11:02:52 : Никита 303439912 
24.10.2020 11:02:53 : Никита 303439912 
24.10.2020 11:02:54 : Никита 303439912 
24.10.2020 11:02:54 : Никита 303439912 
24.10.2020 11:02:54 : Никита 303439912 
24.10.2020 11:02:55 : Никита 303439912 
24.10.2020 11:02:55 : Никита 303439912 
24.10.2020 11:02:55 : Никита 303439912 
24.10.2020 11:02:56 : Никита 303439912 
24.10.2020 11:02:56 : Никита 303439912 
24.10.2020 11:02:56 : Никита 303439912 
24.10.2020 11:02:56 : Никита 303439912 
24.10.2020 11:05:59: >> 541397967 Алена Support: мама привет
24.10.2020 11:06:04: >> 541397967 Алена Support: это я тебе пишу
24.10.2020 11:06:10: >> 541397967 Алена Support: зайди в телеграм
24.10.2020 11:06:32: >> 541397967 Алена Support: /supprot
24.10.2020 17:57:35: >> 541397967 Алена Support: комбпт маманя маманя комбат
24.10.2020 17:57:48: >> 541397967 Алена Support: за нами россия москва и арбат
24.10.2020 17:58:08: >> 541397967 Алена Support: КОМБАТ Ё КОМБПТ Ё КОМБАТ
24.10.2020 17:58:27: >> 541397967 Алена Support: а ты мне ничего не ответишь
24.10.2020 17:58:29: >> 541397967 Алена Support: ха ха
24.10.2020 17:58:45: >> 541397967 Алена Support: хотя, ничего хорошего в этом нет
24.10.2020 17:58:52: >> 541397967 Алена Support: надо доработать
25.10.2020 17:25:39 : Никита 303439912 /support
25.10.2020 17:25:46: >> 303439912 Никита Support: ghnbdft\
25.10.2020 17:25:50: >> 303439912 Никита Support: oiyoui
25.10.2020 17:25:53 : Никита 303439912 Оплата
25.10.2020 17:26:25 : Никита 303439912 /support Gordon funk full
25.10.2020 17:26:34 : Никита 303439912 /support
25.10.2020 17:27:04 : Никита 303439912 /menu
25.10.2020 17:27:26 : Никита 303439912 Исип-24
25.10.2020 17:27:43 : Никита 303439912 /ourlinks
25.10.2020 17:27:46 : Никита 303439912 /ourlinks
26.10.2020 11:03:07 : Никита 303439912 привет
26.10.2020 11:03:20 : Никита 303439912 /support
26.10.2020 11:03:29: >> 303439912 Никита Support: ghbdt
26.10.2020 11:03:36 : Никита 303439912 jkgfghgg
26.10.2020 11:03:59: >> 303439912 Никита Support: vseo
26.10.2020 11:09:08 : Kirill 155752773 asd
26.10.2020 11:09:08 : Kirill 155752773 /start
26.10.2020 11:09:11 : Kirill 155752773 /start
26.10.2020 11:09:18 : Kirill 155752773 /help
26.10.2020 11:09:24 : Kirill 155752773 /menu
26.10.2020 11:09:56 : Kirill 155752773 /keyboard
26.10.2020 11:10:35 : Kirill 155752773 Хочу поступить
28.10.2020 10:05:36 : Никита 303439912 /help
28.10.2020 10:05:46 : Никита 303439912 /help
